2023-09-12 19:44:06,268 - INFO - ---      LOGFILE      ------
2023-09-12 19:44:06,268 - INFO - ---- { start logging } -----
2023-09-12 19:44:06,722 - INFO - Redémarrage le 12.9 à 19:44:06
2023-09-12 19:44:06,722 - INFO - MyGreenGarden V5-SIMULATEPatrick Pinard © 2023
2023-09-12 19:44:06,722 - INFO - Création des objets...
2023-09-12 19:44:06,722 - INFO - Mode DEBUG désactivé.
2023-09-12 19:44:06,722 - INFO - Création du relai #6 pour Lampe LED
2023-09-12 19:44:06,722 - INFO - Création des sondes de températures intérieure & extérieure.
2023-09-12 19:44:06,722 - INFO - Création de l'anénomètre.
2023-09-12 19:44:06,722 - INFO - Création du ventilateur.
2023-09-12 19:44:06,722 - INFO - Création du relai #7 pour Ventilateur(s)
2023-09-12 19:44:06,722 - INFO - Création de vanne d'eau zone 1
2023-09-12 19:44:06,722 - INFO - Création du relai #4 pour vanne d'eau zone 1
2023-09-12 19:44:06,722 - INFO - Création de vanne d'eau zone 2
2023-09-12 19:44:06,722 - INFO - Création du relai #5 pour vanne d'eau zone 2
2023-09-12 19:44:06,722 - INFO - Création de la sonde d'humidité au sol humidité sol zone 1
2023-09-12 19:44:06,722 - INFO - Création de la sonde d'humidité au sol humidité sol zone 2
2023-09-12 19:44:06,733 - INFO - Création de la base de données effectuée.
2023-09-12 19:44:06,832 - INFO - Création du modèle de données utilisateurs (Users).
2023-09-12 19:44:06,848 - INFO -  * Running on http://127.0.0.1:5000/ (Press CTRL+C to quit)
